<?xml version="1.0" encoding="UTF-8"?>
<!-- Generated by org.testng.reporters.JUnitXMLReporter -->
<testsuite hostname="CBT-076" name="Test" tests="10" failures="1" timestamp="1 Feb 2016 09:53:50 GMT" time="60.965" errors="0">
  <testcase name="@BeforeMethod setUp" time="0.0" classname="com.quickride.scripts.NewUserRegTest">
    <failure type="org.openqa.selenium.remote.UnreachableBrowserException" message="Could not start a new session. Possible causes are invalid address of the remote server or browser start-up failure.
Build info: version: &amp;apos;2.47.1&amp;apos;, revision: &amp;apos;unknown&amp;apos;, time: &amp;apos;2015-07-30 11:02:44&amp;apos;
System info: host: &amp;apos;CBT-076&amp;apos;, ip: &amp;apos;10.10.5.26&amp;apos;, os.name: &amp;apos;Windows 8.1&amp;apos;, os.arch: &amp;apos;amd64&amp;apos;, os.version: &amp;apos;6.3&amp;apos;, java.version: &amp;apos;1.8.0_66&amp;apos;
Driver info: driver.version: AndroidDriver">
      <![CDATA[org.openqa.selenium.remote.UnreachableBrowserException: Could not start a new session. Possible causes are invalid address of the remote server or browser start-up failure.
Build info: version: '2.47.1', revision: 'unknown', time: '2015-07-30 11:02:44'
System info: host: 'CBT-076', ip: '10.10.5.26', os.name: 'Windows 8.1', os.arch: 'amd64', os.version: '6.3', java.version: '1.8.0_66'
Driver info: driver.version: AndroidDriver
	at org.openqa.selenium.remote.RemoteWebDriver.execute(RemoteWebDriver.java:589)
	at io.appium.java_client.DefaultGenericMobileDriver.execute(DefaultGenericMobileDriver.java:42)
	at io.appium.java_client.AppiumDriver.execute(AppiumDriver.java:1)
	at io.appium.java_client.android.AndroidDriver.execute(AndroidDriver.java:1)
	at org.openqa.selenium.remote.RemoteWebDriver.startSession(RemoteWebDriver.java:242)
	at org.openqa.selenium.remote.RemoteWebDriver.<init>(RemoteWebDriver.java:128)
	at org.openqa.selenium.remote.RemoteWebDriver.<init>(RemoteWebDriver.java:141)
	at io.appium.java_client.DefaultGenericMobileDriver.<init>(DefaultGenericMobileDriver.java:37)
	at io.appium.java_client.AppiumDriver.<init>(AppiumDriver.java:160)
	at io.appium.java_client.AppiumDriver.<init>(AppiumDriver.java:168)
	at io.appium.java_client.android.AndroidDriver.<init>(AndroidDriver.java:69)
	at com.quickride.baselib.QRBaseLib.setUp(QRBaseLib.java:62)
Caused by: org.openqa.selenium.WebDriverException: java.net.SocketException: Connection reset
Build info: version: '2.47.1', revision: 'unknown', time: '2015-07-30 11:02:44'
System info: host: 'CBT-076', ip: '10.10.5.26', os.name: 'Windows 8.1', os.arch: 'amd64', os.version: '6.3', java.version: '1.8.0_66'
Driver info: driver.version: AndroidDriver
	at io.appium.java_client.remote.AppiumCommandExecutor.execute(AppiumCommandExecutor.java:64)
	at org.openqa.selenium.remote.RemoteWebDriver.execute(RemoteWebDriver.java:568)
	... 37 more
Caused by: java.net.SocketException: Connection reset
	at java.net.SocketInputStream.read(SocketInputStream.java:209)
	at java.net.SocketInputStream.read(SocketInputStream.java:141)
	at org.apache.http.impl.io.SessionInputBufferImpl.streamRead(SessionInputBufferImpl.java:136)
	at org.apache.http.impl.io.SessionInputBufferImpl.fillBuffer(SessionInputBufferImpl.java:152)
	at org.apache.http.impl.io.SessionInputBufferImpl.readLine(SessionInputBufferImpl.java:270)
	at org.apache.http.impl.conn.DefaultHttpResponseParser.parseHead(DefaultHttpResponseParser.java:140)
	at org.apache.http.impl.conn.DefaultHttpResponseParser.parseHead(DefaultHttpResponseParser.java:57)
	at org.apache.http.impl.io.AbstractMessageParser.parse(AbstractMessageParser.java:260)
	at org.apache.http.impl.DefaultBHttpClientConnection.receiveResponseHeader(DefaultBHttpClientConnection.java:161)
	at org.apache.http.impl.conn.CPoolProxy.invoke(CPoolProxy.java:138)
	at com.sun.proxy.$Proxy6.receiveResponseHeader(Unknown Source)
	at org.apache.http.protocol.HttpRequestExecutor.doReceiveResponse(HttpRequestExecutor.java:271)
	at org.apache.http.protocol.HttpRequestExecutor.execute(HttpRequestExecutor.java:123)
	at org.apache.http.impl.execchain.MainClientExec.execute(MainClientExec.java:254)
	at org.apache.http.impl.execchain.ProtocolExec.execute(ProtocolExec.java:195)
	at org.apache.http.impl.execchain.RetryExec.execute(RetryExec.java:86)
	at org.apache.http.impl.execchain.RedirectExec.execute(RedirectExec.java:108)
	at org.apache.http.impl.client.InternalHttpClient.doExecute(InternalHttpClient.java:186)
	at org.apache.http.impl.client.CloseableHttpClient.execute(CloseableHttpClient.java:72)
	at org.apache.http.impl.client.CloseableHttpClient.execute(CloseableHttpClient.java:57)
	at org.openqa.selenium.remote.internal.ApacheHttpClient.fallBackExecute(ApacheHttpClient.java:143)
	at org.openqa.selenium.remote.internal.ApacheHttpClient.execute(ApacheHttpClient.java:89)
	at org.openqa.selenium.remote.HttpCommandExecutor.execute(HttpCommandExecutor.java:134)
	at io.appium.java_client.remote.AppiumCommandExecutor.execute(AppiumCommandExecutor.java:52)
	... 38 more
... Removed 30 stack frames]]>
    </failure>
  </testcase> <!-- @BeforeMethod setUp -->
  <testcase name="@AfterMethod tearDown" time="0.0" classname="com.quickride.scripts.NewUserRegTest">
    <skipped/>
  </testcase> <!-- @AfterMethod tearDown -->
  <testcase name="@BeforeMethod setUp" time="0.0" classname="com.quickride.scripts.NewUserRegTest">
    <skipped/>
  </testcase> <!-- @BeforeMethod setUp -->
  <testcase name="@AfterMethod tearDown" time="0.0" classname="com.quickride.scripts.NewUserRegTest">
    <skipped/>
  </testcase> <!-- @AfterMethod tearDown -->
  <testcase name="@BeforeMethod setUp" time="0.0" classname="com.quickride.scripts.NewUserRegTest">
    <skipped/>
  </testcase> <!-- @BeforeMethod setUp -->
  <testcase name="@AfterMethod tearDown" time="0.0" classname="com.quickride.scripts.NewUserRegTest">
    <skipped/>
  </testcase> <!-- @AfterMethod tearDown -->
  <testcase name="@BeforeMethod setUp" time="0.0" classname="com.quickride.scripts.NewUserRegTest">
    <skipped/>
  </testcase> <!-- @BeforeMethod setUp -->
  <testcase name="@AfterMethod tearDown" time="0.0" classname="com.quickride.scripts.NewUserRegTest">
    <skipped/>
  </testcase> <!-- @AfterMethod tearDown -->
  <testcase name="@BeforeMethod setUp" time="0.0" classname="com.quickride.scripts.NewUserRegTest">
    <skipped/>
  </testcase> <!-- @BeforeMethod setUp -->
  <testcase name="@AfterMethod tearDown" time="0.0" classname="com.quickride.scripts.NewUserRegTest">
    <skipped/>
  </testcase> <!-- @AfterMethod tearDown -->
  <testcase name="@BeforeMethod setUp" time="0.0" classname="com.quickride.scripts.NewUserRegTest">
    <skipped/>
  </testcase> <!-- @BeforeMethod setUp -->
  <testcase name="@AfterMethod tearDown" time="0.0" classname="com.quickride.scripts.NewUserRegTest">
    <skipped/>
  </testcase> <!-- @AfterMethod tearDown -->
  <testcase name="@BeforeMethod setUp" time="0.0" classname="com.quickride.scripts.NewUserRegTest">
    <skipped/>
  </testcase> <!-- @BeforeMethod setUp -->
  <testcase name="@AfterMethod tearDown" time="0.0" classname="com.quickride.scripts.NewUserRegTest">
    <skipped/>
  </testcase> <!-- @AfterMethod tearDown -->
  <testcase name="@BeforeMethod setUp" time="0.0" classname="com.quickride.scripts.NewUserRegTest">
    <skipped/>
  </testcase> <!-- @BeforeMethod setUp -->
  <testcase name="@AfterMethod tearDown" time="0.0" classname="com.quickride.scripts.NewUserRegTest">
    <skipped/>
  </testcase> <!-- @AfterMethod tearDown -->
  <testcase name="@BeforeMethod setUp" time="0.0" classname="com.quickride.scripts.NewUserRegTest">
    <skipped/>
  </testcase> <!-- @BeforeMethod setUp -->
  <testcase name="@AfterMethod tearDown" time="0.0" classname="com.quickride.scripts.NewUserRegTest">
    <skipped/>
  </testcase> <!-- @AfterMethod tearDown -->
  <testcase name="test" time="0.019" classname="com.quickride.scripts.NewUserRegTest">
    <failure type="java.lang.NoSuchMethodError" message="org.apache.poi.util.IOUtils.peekFirst8Bytes(Ljava/io/InputStream;)[B">
      <![CDATA[java.lang.NoSuchMethodError: org.apache.poi.util.IOUtils.peekFirst8Bytes(Ljava/io/InputStream;)[B
	at org.apache.poi.ss.usermodel.WorkbookFactory.create(WorkbookFactory.java:167)
	at org.apache.poi.ss.usermodel.WorkbookFactory.create(WorkbookFactory.java:143)
	at com.quickride.baselib.GenericLib.toReadExcelData(GenericLib.java:70)
	at com.quickride.scripts.NewUserRegTest.test(NewUserRegTest.java:61)
... Removed 24 stack frames]]>
    </failure>
  </testcase> <!-- test -->
  <testcase name="testNewUserSignUP" time="0.002" classname="com.quickride.scripts.NewUserRegTest">
    <skipped/>
  </testcase> <!-- testNewUserSignUP -->
  <testcase name="testSignUpIncomplete" time="0.001" classname="com.quickride.scripts.NewUserRegTest">
    <skipped/>
  </testcase> <!-- testSignUpIncomplete -->
  <testcase name="testSignUpErrCode" time="0.001" classname="com.quickride.scripts.NewUserRegTest">
    <skipped/>
  </testcase> <!-- testSignUpErrCode -->
  <testcase name="testSignUpSameUser" time="0.009" classname="com.quickride.scripts.NewUserRegTest">
    <skipped/>
  </testcase> <!-- testSignUpSameUser -->
  <testcase name="testLogoutReLogin" time="0.001" classname="com.quickride.scripts.NewUserRegTest">
    <skipped/>
  </testcase> <!-- testLogoutReLogin -->
  <testcase name="testLoginWrongPwd" time="0.007" classname="com.quickride.scripts.NewUserRegTest">
    <skipped/>
  </testcase> <!-- testLoginWrongPwd -->
  <testcase name="testCloseReOpenQR" time="0.001" classname="com.quickride.scripts.NewUserRegTest">
    <skipped/>
  </testcase> <!-- testCloseReOpenQR -->
  <testcase name="testNewUserSignUPProfile" time="0.002" classname="com.quickride.scripts.NewUserRegTest">
    <skipped/>
  </testcase> <!-- testNewUserSignUPProfile -->
  <testcase name="testLogoutNoVerifyQuickRide" time="0.002" classname="com.quickride.scripts.NewUserRegTest">
    <skipped/>
  </testcase> <!-- testLogoutNoVerifyQuickRide -->
</testsuite> <!-- Test -->
