<?xml version="1.0" encoding="UTF-8"?>
<testng-results skipped="11" failed="0" total="11" passed="0">
  <reporter-output>
  </reporter-output>
  <suite name="Default suite" duration-ms="1447645" started-at="2016-09-24T12:43:04Z" finished-at="2016-09-24T13:07:12Z">
    <groups>
    </groups>
    <test name="Default test" duration-ms="1447645" started-at="2016-09-24T12:43:04Z" finished-at="2016-09-24T13:07:12Z">
      <class name="com.quickride.scripts.NotificationsTest">
        <test-method status="PASS" signature="setobjects()[pri:0, instance:com.quickride.scripts.NotificationsTest@10e92f8f]" name="setobjects" is-config="true" duration-ms="0" started-at="2016-09-24T18:13:04Z" finished-at="2016-09-24T18:13:04Z">
          <reporter-output>
          </reporter-output>
        </test-method> <!-- setobjects -->
        <test-method status="FAIL" signature="setUp()[pri:0, instance:com.quickride.scripts.NotificationsTest@10e92f8f]" name="setUp" is-config="true" duration-ms="0" started-at="2016-09-24T18:13:04Z" finished-at="2016-09-24T18:13:04Z">
          <exception class="org.openqa.selenium.remote.UnreachableBrowserException">
            <message>
              <![CDATA[Could not start a new session. Possible causes are invalid address of the remote server or browser start-up failure.
Build info: version: '2.47.1', revision: 'unknown', time: '2015-07-30 11:02:44'
System info: host: 'WINCTRL-FFMOACO', ip: '192.168.1.29', os.name: 'Windows 7', os.arch: 'amd64', os.version: '6.1', java.version: '1.8.0_65'
Driver info: driver.version: AndroidDriver]]>
            </message>
            <full-stacktrace>
              <![CDATA[org.openqa.selenium.remote.UnreachableBrowserException: Could not start a new session. Possible causes are invalid address of the remote server or browser start-up failure.
Build info: version: '2.47.1', revision: 'unknown', time: '2015-07-30 11:02:44'
System info: host: 'WINCTRL-FFMOACO', ip: '192.168.1.29', os.name: 'Windows 7', os.arch: 'amd64', os.version: '6.1', java.version: '1.8.0_65'
Driver info: driver.version: AndroidDriver
	at org.openqa.selenium.remote.RemoteWebDriver.execute(RemoteWebDriver.java:589)
	at io.appium.java_client.DefaultGenericMobileDriver.execute(DefaultGenericMobileDriver.java:42)
	at io.appium.java_client.AppiumDriver.execute(AppiumDriver.java:1)
	at io.appium.java_client.android.AndroidDriver.execute(AndroidDriver.java:1)
	at org.openqa.selenium.remote.RemoteWebDriver.startSession(RemoteWebDriver.java:242)
	at org.openqa.selenium.remote.RemoteWebDriver.<init>(RemoteWebDriver.java:128)
	at org.openqa.selenium.remote.RemoteWebDriver.<init>(RemoteWebDriver.java:141)
	at io.appium.java_client.DefaultGenericMobileDriver.<init>(DefaultGenericMobileDriver.java:37)
	at io.appium.java_client.AppiumDriver.<init>(AppiumDriver.java:160)
	at io.appium.java_client.AppiumDriver.<init>(AppiumDriver.java:168)
	at io.appium.java_client.android.AndroidDriver.<init>(AndroidDriver.java:69)
	at com.quickride.baselib.QRBaseLib.setUp(QRBaseLib.java:63)
	at sun.reflect.NativeMethodAccessorImpl.invoke0(Native Method)
	at sun.reflect.NativeMethodAccessorImpl.invoke(Unknown Source)
	at sun.reflect.DelegatingMethodAccessorImpl.invoke(Unknown Source)
	at java.lang.reflect.Method.invoke(Unknown Source)
	at org.testng.internal.MethodInvocationHelper.invokeMethod(MethodInvocationHelper.java:86)
	at org.testng.internal.Invoker.invokeConfigurationMethod(Invoker.java:514)
	at org.testng.internal.Invoker.invokeConfigurations(Invoker.java:215)
	at org.testng.internal.Invoker.invokeMethod(Invoker.java:589)
	at org.testng.internal.Invoker.invokeTestMethod(Invoker.java:820)
	at org.testng.internal.Invoker.invokeTestMethods(Invoker.java:1128)
	at org.testng.internal.TestMethodWorker.invokeTestMethods(TestMethodWorker.java:129)
	at org.testng.internal.TestMethodWorker.run(TestMethodWorker.java:112)
	at org.testng.TestRunner.privateRun(TestRunner.java:782)
	at org.testng.TestRunner.run(TestRunner.java:632)
	at org.testng.SuiteRunner.runTest(SuiteRunner.java:366)
	at org.testng.SuiteRunner.runSequentially(SuiteRunner.java:361)
	at org.testng.SuiteRunner.privateRun(SuiteRunner.java:319)
	at org.testng.SuiteRunner.run(SuiteRunner.java:268)
	at org.testng.SuiteRunnerWorker.runSuite(SuiteRunnerWorker.java:52)
	at org.testng.SuiteRunnerWorker.run(SuiteRunnerWorker.java:86)
	at org.testng.TestNG.runSuitesSequentially(TestNG.java:1244)
	at org.testng.TestNG.runSuitesLocally(TestNG.java:1169)
	at org.testng.TestNG.run(TestNG.java:1064)
	at org.testng.remote.RemoteTestNG.run(RemoteTestNG.java:113)
	at org.testng.remote.RemoteTestNG.initAndRun(RemoteTestNG.java:206)
	at org.testng.remote.RemoteTestNG.main(RemoteTestNG.java:177)
Caused by: org.openqa.selenium.WebDriverException: java.net.SocketException: Connection reset
Build info: version: '2.47.1', revision: 'unknown', time: '2015-07-30 11:02:44'
System info: host: 'WINCTRL-FFMOACO', ip: '192.168.1.29', os.name: 'Windows 7', os.arch: 'amd64', os.version: '6.1', java.version: '1.8.0_65'
Driver info: driver.version: AndroidDriver
	at io.appium.java_client.remote.AppiumCommandExecutor.execute(AppiumCommandExecutor.java:64)
	at org.openqa.selenium.remote.RemoteWebDriver.execute(RemoteWebDriver.java:568)
	... 37 more
Caused by: java.net.SocketException: Connection reset
	at java.net.SocketInputStream.read(Unknown Source)
	at java.net.SocketInputStream.read(Unknown Source)
	at org.apache.http.impl.io.SessionInputBufferImpl.streamRead(SessionInputBufferImpl.java:136)
	at org.apache.http.impl.io.SessionInputBufferImpl.fillBuffer(SessionInputBufferImpl.java:152)
	at org.apache.http.impl.io.SessionInputBufferImpl.readLine(SessionInputBufferImpl.java:270)
	at org.apache.http.impl.conn.DefaultHttpResponseParser.parseHead(DefaultHttpResponseParser.java:140)
	at org.apache.http.impl.conn.DefaultHttpResponseParser.parseHead(DefaultHttpResponseParser.java:57)
	at org.apache.http.impl.io.AbstractMessageParser.parse(AbstractMessageParser.java:260)
	at org.apache.http.impl.DefaultBHttpClientConnection.receiveResponseHeader(DefaultBHttpClientConnection.java:161)
	at sun.reflect.NativeMethodAccessorImpl.invoke0(Native Method)
	at sun.reflect.NativeMethodAccessorImpl.invoke(Unknown Source)
	at sun.reflect.DelegatingMethodAccessorImpl.invoke(Unknown Source)
	at java.lang.reflect.Method.invoke(Unknown Source)
	at org.apache.http.impl.conn.CPoolProxy.invoke(CPoolProxy.java:138)
	at com.sun.proxy.$Proxy6.receiveResponseHeader(Unknown Source)
	at org.apache.http.protocol.HttpRequestExecutor.doReceiveResponse(HttpRequestExecutor.java:271)
	at org.apache.http.protocol.HttpRequestExecutor.execute(HttpRequestExecutor.java:123)
	at org.apache.http.impl.execchain.MainClientExec.execute(MainClientExec.java:254)
	at org.apache.http.impl.execchain.ProtocolExec.execute(ProtocolExec.java:195)
	at org.apache.http.impl.execchain.RetryExec.execute(RetryExec.java:86)
	at org.apache.http.impl.execchain.RedirectExec.execute(RedirectExec.java:108)
	at org.apache.http.impl.client.InternalHttpClient.doExecute(InternalHttpClient.java:186)
	at org.apache.http.impl.client.CloseableHttpClient.execute(CloseableHttpClient.java:72)
	at org.apache.http.impl.client.CloseableHttpClient.execute(CloseableHttpClient.java:57)
	at org.openqa.selenium.remote.internal.ApacheHttpClient.fallBackExecute(ApacheHttpClient.java:143)
	at org.openqa.selenium.remote.internal.ApacheHttpClient.execute(ApacheHttpClient.java:89)
	at org.openqa.selenium.remote.HttpCommandExecutor.execute(HttpCommandExecutor.java:134)
	at io.appium.java_client.remote.AppiumCommandExecutor.execute(AppiumCommandExecutor.java:52)
	... 38 more
]]>
            </full-stacktrace>
          </exception> <!-- org.openqa.selenium.remote.UnreachableBrowserException -->
          <reporter-output>
          </reporter-output>
        </test-method> <!-- setUp -->
        <test-method status="SKIP" signature="testPassengerJoinsCancels()[pri:4, instance:com.quickride.scripts.NotificationsTest@10e92f8f]" name="testPassengerJoinsCancels" duration-ms="0" started-at="2016-09-24T18:37:12Z" finished-at="2016-09-24T18:37:12Z">
          <reporter-output>
          </reporter-output>
        </test-method> <!-- testPassengerJoinsCancels -->
        <test-method status="SKIP" signature="testRiderStartedNoti()[pri:2, instance:com.quickride.scripts.NotificationsTest@10e92f8f]" name="testRiderStartedNoti" duration-ms="0" started-at="2016-09-24T18:37:12Z" finished-at="2016-09-24T18:37:12Z">
          <reporter-output>
          </reporter-output>
        </test-method> <!-- testRiderStartedNoti -->
        <test-method status="SKIP" signature="testRiderPassengerJoinNoti()[pri:1, instance:com.quickride.scripts.NotificationsTest@10e92f8f]" name="testRiderPassengerJoinNoti" duration-ms="0" started-at="2016-09-24T18:37:12Z" finished-at="2016-09-24T18:37:12Z">
          <reporter-output>
          </reporter-output>
        </test-method> <!-- testRiderPassengerJoinNoti -->
        <test-method status="SKIP" signature="setUp()[pri:0, instance:com.quickride.scripts.NotificationsTest@10e92f8f]" name="setUp" is-config="true" duration-ms="0" started-at="2016-09-24T18:37:12Z" finished-at="2016-09-24T18:37:12Z">
          <reporter-output>
          </reporter-output>
        </test-method> <!-- setUp -->
        <test-method status="SKIP" signature="tearDown()[pri:0, instance:com.quickride.scripts.NotificationsTest@10e92f8f]" name="tearDown" is-config="true" duration-ms="0" started-at="2016-09-24T18:37:12Z" finished-at="2016-09-24T18:37:12Z">
          <reporter-output>
          </reporter-output>
        </test-method> <!-- tearDown -->
        <test-method status="SKIP" signature="tearDown()[pri:0, instance:com.quickride.scripts.NotificationsTest@10e92f8f]" name="tearDown" is-config="true" duration-ms="0" started-at="2016-09-24T18:37:12Z" finished-at="2016-09-24T18:37:12Z">
          <reporter-output>
          </reporter-output>
        </test-method> <!-- tearDown -->
        <test-method status="SKIP" signature="setUp()[pri:0, instance:com.quickride.scripts.NotificationsTest@10e92f8f]" name="setUp" is-config="true" duration-ms="0" started-at="2016-09-24T18:37:12Z" finished-at="2016-09-24T18:37:12Z">
          <reporter-output>
          </reporter-output>
        </test-method> <!-- setUp -->
        <test-method status="SKIP" signature="setUp()[pri:0, instance:com.quickride.scripts.NotificationsTest@10e92f8f]" name="setUp" is-config="true" duration-ms="0" started-at="2016-09-24T18:37:12Z" finished-at="2016-09-24T18:37:12Z">
          <reporter-output>
          </reporter-output>
        </test-method> <!-- setUp -->
        <test-method status="SKIP" signature="tearDown()[pri:0, instance:com.quickride.scripts.NotificationsTest@10e92f8f]" name="tearDown" is-config="true" duration-ms="0" started-at="2016-09-24T18:37:12Z" finished-at="2016-09-24T18:37:12Z">
          <reporter-output>
          </reporter-output>
        </test-method> <!-- tearDown -->
        <test-method status="SKIP" signature="testRiderStartedCancelled()[pri:3, instance:com.quickride.scripts.NotificationsTest@10e92f8f]" name="testRiderStartedCancelled" duration-ms="0" started-at="2016-09-24T18:37:12Z" finished-at="2016-09-24T18:37:12Z">
          <reporter-output>
          </reporter-output>
        </test-method> <!-- testRiderStartedCancelled -->
        <test-method status="SKIP" signature="setUp()[pri:0, instance:com.quickride.scripts.NotificationsTest@10e92f8f]" name="setUp" is-config="true" duration-ms="0" started-at="2016-09-24T18:37:12Z" finished-at="2016-09-24T18:37:12Z">
          <reporter-output>
          </reporter-output>
        </test-method> <!-- setUp -->
        <test-method status="SKIP" signature="testRideNotiPassengerJoinsCancels()[pri:5, instance:com.quickride.scripts.NotificationsTest@10e92f8f]" name="testRideNotiPassengerJoinsCancels" duration-ms="0" started-at="2016-09-24T18:37:12Z" finished-at="2016-09-24T18:37:12Z">
          <reporter-output>
          </reporter-output>
        </test-method> <!-- testRideNotiPassengerJoinsCancels -->
        <test-method status="SKIP" signature="setUp()[pri:0, instance:com.quickride.scripts.NotificationsTest@10e92f8f]" name="setUp" is-config="true" duration-ms="0" started-at="2016-09-24T18:37:12Z" finished-at="2016-09-24T18:37:12Z">
          <reporter-output>
          </reporter-output>
        </test-method> <!-- setUp -->
        <test-method status="SKIP" signature="setUp()[pri:0, instance:com.quickride.scripts.NotificationsTest@10e92f8f]" name="setUp" is-config="true" duration-ms="0" started-at="2016-09-24T18:37:12Z" finished-at="2016-09-24T18:37:12Z">
          <reporter-output>
          </reporter-output>
        </test-method> <!-- setUp -->
        <test-method status="SKIP" signature="testNotiDeletedLongPress()[pri:7, instance:com.quickride.scripts.NotificationsTest@10e92f8f]" name="testNotiDeletedLongPress" duration-ms="0" started-at="2016-09-24T18:37:12Z" finished-at="2016-09-24T18:37:12Z">
          <reporter-output>
          </reporter-output>
        </test-method> <!-- testNotiDeletedLongPress -->
        <test-method status="SKIP" signature="testNotiPassengerJoinsCancelsAfterStart()[pri:6, instance:com.quickride.scripts.NotificationsTest@10e92f8f]" name="testNotiPassengerJoinsCancelsAfterStart" duration-ms="0" started-at="2016-09-24T18:37:12Z" finished-at="2016-09-24T18:37:12Z">
          <reporter-output>
          </reporter-output>
        </test-method> <!-- testNotiPassengerJoinsCancelsAfterStart -->
        <test-method status="SKIP" signature="tearDown()[pri:0, instance:com.quickride.scripts.NotificationsTest@10e92f8f]" name="tearDown" is-config="true" duration-ms="0" started-at="2016-09-24T18:37:12Z" finished-at="2016-09-24T18:37:12Z">
          <reporter-output>
          </reporter-output>
        </test-method> <!-- tearDown -->
        <test-method status="SKIP" signature="tearDown()[pri:0, instance:com.quickride.scripts.NotificationsTest@10e92f8f]" name="tearDown" is-config="true" duration-ms="0" started-at="2016-09-24T18:37:12Z" finished-at="2016-09-24T18:37:12Z">
          <reporter-output>
          </reporter-output>
        </test-method> <!-- tearDown -->
        <test-method status="SKIP" signature="tearDown()[pri:0, instance:com.quickride.scripts.NotificationsTest@10e92f8f]" name="tearDown" is-config="true" duration-ms="0" started-at="2016-09-24T18:37:12Z" finished-at="2016-09-24T18:37:12Z">
          <reporter-output>
          </reporter-output>
        </test-method> <!-- tearDown -->
        <test-method status="SKIP" signature="tearDown()[pri:0, instance:com.quickride.scripts.NotificationsTest@10e92f8f]" name="tearDown" is-config="true" duration-ms="0" started-at="2016-09-24T18:37:12Z" finished-at="2016-09-24T18:37:12Z">
          <reporter-output>
          </reporter-output>
        </test-method> <!-- tearDown -->
        <test-method status="SKIP" signature="testNotiDeleteBySwipe()[pri:8, instance:com.quickride.scripts.NotificationsTest@10e92f8f]" name="testNotiDeleteBySwipe" duration-ms="0" started-at="2016-09-24T18:37:12Z" finished-at="2016-09-24T18:37:12Z">
          <reporter-output>
          </reporter-output>
        </test-method> <!-- testNotiDeleteBySwipe -->
        <test-method status="SKIP" signature="setUp()[pri:0, instance:com.quickride.scripts.NotificationsTest@10e92f8f]" name="setUp" is-config="true" duration-ms="0" started-at="2016-09-24T18:37:12Z" finished-at="2016-09-24T18:37:12Z">
          <reporter-output>
          </reporter-output>
        </test-method> <!-- setUp -->
        <test-method status="SKIP" signature="tearDown()[pri:0, instance:com.quickride.scripts.NotificationsTest@10e92f8f]" name="tearDown" is-config="true" duration-ms="0" started-at="2016-09-24T18:37:12Z" finished-at="2016-09-24T18:37:12Z">
          <reporter-output>
          </reporter-output>
        </test-method> <!-- tearDown -->
        <test-method status="SKIP" signature="setUp()[pri:0, instance:com.quickride.scripts.NotificationsTest@10e92f8f]" name="setUp" is-config="true" duration-ms="0" started-at="2016-09-24T18:37:12Z" finished-at="2016-09-24T18:37:12Z">
          <reporter-output>
          </reporter-output>
        </test-method> <!-- setUp -->
        <test-method status="SKIP" signature="testNotiReject()[pri:9, instance:com.quickride.scripts.NotificationsTest@10e92f8f]" name="testNotiReject" duration-ms="0" started-at="2016-09-24T18:37:12Z" finished-at="2016-09-24T18:37:12Z">
          <reporter-output>
          </reporter-output>
        </test-method> <!-- testNotiReject -->
        <test-method status="SKIP" signature="setUp()[pri:0, instance:com.quickride.scripts.NotificationsTest@10e92f8f]" name="setUp" is-config="true" duration-ms="0" started-at="2016-09-24T18:37:12Z" finished-at="2016-09-24T18:37:12Z">
          <reporter-output>
          </reporter-output>
        </test-method> <!-- setUp -->
        <test-method status="SKIP" signature="tearDown()[pri:0, instance:com.quickride.scripts.NotificationsTest@10e92f8f]" name="tearDown" is-config="true" duration-ms="0" started-at="2016-09-24T18:37:12Z" finished-at="2016-09-24T18:37:12Z">
          <reporter-output>
          </reporter-output>
        </test-method> <!-- tearDown -->
        <test-method status="SKIP" signature="setUp()[pri:0, instance:com.quickride.scripts.NotificationsTest@10e92f8f]" name="setUp" is-config="true" duration-ms="0" started-at="2016-09-24T18:37:12Z" finished-at="2016-09-24T18:37:12Z">
          <reporter-output>
          </reporter-output>
        </test-method> <!-- setUp -->
        <test-method status="SKIP" signature="tearDown()[pri:0, instance:com.quickride.scripts.NotificationsTest@10e92f8f]" name="tearDown" is-config="true" duration-ms="0" started-at="2016-09-24T18:37:12Z" finished-at="2016-09-24T18:37:12Z">
          <reporter-output>
          </reporter-output>
        </test-method> <!-- tearDown -->
        <test-method status="SKIP" signature="testNotiProfile()[pri:10, instance:com.quickride.scripts.NotificationsTest@10e92f8f]" name="testNotiProfile" duration-ms="0" started-at="2016-09-24T18:37:12Z" finished-at="2016-09-24T18:37:12Z">
          <reporter-output>
          </reporter-output>
        </test-method> <!-- testNotiProfile -->
        <test-method status="SKIP" signature="tearDown()[pri:0, instance:com.quickride.scripts.NotificationsTest@10e92f8f]" name="tearDown" is-config="true" duration-ms="0" started-at="2016-09-24T18:37:12Z" finished-at="2016-09-24T18:37:12Z">
          <reporter-output>
          </reporter-output>
        </test-method> <!-- tearDown -->
        <test-method status="SKIP" signature="testNotiCountTxt()[pri:11, instance:com.quickride.scripts.NotificationsTest@10e92f8f]" name="testNotiCountTxt" duration-ms="0" started-at="2016-09-24T18:37:12Z" finished-at="2016-09-24T18:37:12Z">
          <reporter-output>
          </reporter-output>
        </test-method> <!-- testNotiCountTxt -->
      </class> <!-- com.quickride.scripts.NotificationsTest -->
    </test> <!-- Default test -->
  </suite> <!-- Default suite -->
</testng-results>
