<?xml version="1.0" encoding="UTF-8"?>
<testng-results skipped="0" failed="0" total="1" passed="1">
  <reporter-output>
  </reporter-output>
  <suite name="Default suite" duration-ms="86819" started-at="2016-07-29T16:35:38Z" finished-at="2016-07-29T16:37:05Z">
    <groups>
    </groups>
    <test name="Default test" duration-ms="86819" started-at="2016-07-29T16:35:38Z" finished-at="2016-07-29T16:37:05Z">
      <class name="com.quickride.scripts.Transfer">
        <test-method status="PASS" signature="setobjects()[pri:0, instance:com.quickride.scripts.Transfer@2cb4c3ab]" name="setobjects" is-config="true" duration-ms="7" started-at="2016-07-29T22:05:38Z" finished-at="2016-07-29T22:05:38Z">
          <reporter-output>
          </reporter-output>
        </test-method> <!-- setobjects -->
        <test-method status="PASS" signature="setUp()[pri:0, instance:com.quickride.scripts.Transfer@2cb4c3ab]" name="setUp" is-config="true" duration-ms="19976" started-at="2016-07-29T22:05:38Z" finished-at="2016-07-29T22:05:58Z">
          <reporter-output>
          </reporter-output>
        </test-method> <!-- setUp -->
        <test-method status="PASS" signature="testTransferWithNoAmount()[pri:3, instance:com.quickride.scripts.Transfer@2cb4c3ab]" name="testTransferWithNoAmount" duration-ms="65655" started-at="2016-07-29T22:05:58Z" finished-at="2016-07-29T22:07:04Z">
          <reporter-output>
          </reporter-output>
        </test-method> <!-- testTransferWithNoAmount -->
        <test-method status="PASS" signature="tearDown()[pri:0, instance:com.quickride.scripts.Transfer@2cb4c3ab]" name="tearDown" is-config="true" duration-ms="1169" started-at="2016-07-29T22:07:04Z" finished-at="2016-07-29T22:07:05Z">
          <reporter-output>
          </reporter-output>
        </test-method> <!-- tearDown -->
      </class> <!-- com.quickride.scripts.Transfer -->
    </test> <!-- Default test -->
  </suite> <!-- Default suite -->
</testng-results>
